<?xml version="1.0" encoding="UTF-8"?>
<!-- Generated by org.testng.reporters.JUnitXMLReporter -->
<testsuite ignored="0" hostname="MBPro.local" failures="0" tests="2" name="Default test" time="15.13" errors="0" timestamp="2024-06-21T15:18:33 IST">
  <testcase classname="MyAutomationLearning.FrameWorksSelenium.ErrorValidationsTest" name="LoginErrorValidation" time="0.336"/>
  <testcase classname="MyAutomationLearning.FrameWorksSelenium.ErrorValidationsTest" name="ProductErrorValidation" time="3.356"/>
</testsuite> <!-- Default test -->
