<?xml version="1.0" encoding="UTF-8"?>
<!-- Generated by org.testng.reporters.JUnitXMLReporter -->
<testsuite ignored="0" hostname="MBPro.local" failures="0" tests="2" name="Error Validations Test " time="16.959" errors="0" timestamp="2024-06-21T15:57:58 IST">
  <testcase classname="MyAutomationLearning.FrameWorksSelenium.ErrorValidationsTest" name="LoginErrorValidation" time="0.297"/>
  <testcase classname="MyAutomationLearning.FrameWorksSelenium.ErrorValidationsTest" name="ProductErrorValidation" time="3.291"/>
</testsuite> <!-- Error Validations Test  -->
