<?xml version="1.0" encoding="UTF-8"?>
<!-- Generated by org.testng.reporters.JUnitXMLReporter -->
<testsuite ignored="0" hostname="MBPro.local" failures="0" tests="3" name="Regression Test" time="25.817" errors="0" timestamp="2024-06-21T15:58:07 IST">
  <testcase classname="MyAutomationLearning.FrameWorksSelenium.SubmitOrderTest" name="submitOrder" time="4.76"/>
  <testcase classname="MyAutomationLearning.FrameWorksSelenium.SubmitOrderTest" name="submitOrder" time="4.431"/>
  <testcase classname="MyAutomationLearning.FrameWorksSelenium.SubmitOrderTest" name="orderHistoryTest" time="0.511"/>
</testsuite> <!-- Regression Test -->
