<?xml version="1.0" encoding="UTF-8"?>
<!-- Generated by org.testng.reporters.JUnitXMLReporter -->
<testsuite ignored="1" hostname="MBPro.local" failures="0" tests="2" name="Submit Order Test" time="13.506" errors="0" timestamp="2024-06-21T00:23:50 IST">
  <testcase classname="MyAutomationLearning.FrameWorksSelenium.SubmitOrderTest" name="submitOrder" time="3.896"/>
  <testcase classname="MyAutomationLearning.FrameWorksSelenium.SubmitOrderTest" name="submitOrder" time="3.733"/>
  <testcase classname="MyAutomationLearning.FrameWorksSelenium.SubmitOrderTest" name="orderHistoryTest" time="0.0">
    <ignored/>
  </testcase> <!-- orderHistoryTest -->
</testsuite> <!-- Submit Order Test -->
