<?xml version="1.0" encoding="UTF-8"?>
<!-- Generated by org.testng.reporters.JUnitXMLReporter -->
<testsuite ignored="1" hostname="MBPro.local" failures="0" tests="2" name="Submit Order Test" time="20.333" errors="0" timestamp="2024-06-21T20:57:34 IST">
  <testcase classname="MyAutomationLearning.FrameWorksSelenium.SubmitOrderTest" name="submitOrder" time="4.682"/>
  <testcase classname="MyAutomationLearning.FrameWorksSelenium.SubmitOrderTest" name="submitOrder" time="4.487"/>
  <testcase classname="MyAutomationLearning.FrameWorksSelenium.SubmitOrderTest" name="orderHistoryTest" time="0.0">
    <ignored/>
  </testcase> <!-- orderHistoryTest -->
</testsuite> <!-- Submit Order Test -->
