<?xml version="1.0" encoding="UTF-8"?>
<!-- Generated by org.testng.reporters.JUnitXMLReporter -->
<testsuite ignored="0" hostname="MBPro.local" failures="0" tests="6" name="Test" time="29.899" errors="0" timestamp="2024-06-21T15:19:37 IST">
  <testcase classname="MyAutomationLearning.FrameWorksSelenium.ErrorValidationsTest" name="LoginErrorValidation" time="0.797"/>
  <testcase classname="MyAutomationLearning.FrameWorksSelenium.ErrorValidationsTest" name="ProductErrorValidation" time="3.188"/>
  <testcase classname="MyAutomationLearning.FrameWorksSelenium.SubmitOrderTest" name="submitOrder" time="3.85"/>
  <testcase classname="MyAutomationLearning.FrameWorksSelenium.SubmitOrderTest" name="submitOrder" time="3.768"/>
  <testcase classname="MyAutomationLearning.FrameWorksSelenium.DuplicateStandAloneTest" name="submitOrder" time="3.83"/>
  <testcase classname="MyAutomationLearning.FrameWorksSelenium.SubmitOrderTest" name="orderHistoryTest" time="0.471"/>
</testsuite> <!-- Test -->
