<?xml version="1.0" encoding="UTF-8"?>
<testng-results ignored="0" total="2" passed="2" failed="0" skipped="0">
  <reporter-output>
  </reporter-output>
  <suite started-at="2024-06-21T20:57:14 IST" name="Suite" finished-at="2024-06-21T20:57:34 IST" duration-ms="20345">
    <groups>
      <group name="purchase">
        <method signature="SubmitOrderTest.submitOrder(java.util.HashMap)[pri:0, instance:MyAutomationLearning.FrameWorksSelenium.SubmitOrderTest@3aefe5e5]" name="submitOrder" class="MyAutomationLearning.FrameWorksSelenium.SubmitOrderTest"/>
      </group> <!-- purchase -->
    </groups>
    <test started-at="2024-06-21T20:57:14 IST" name="Submit Order Test" finished-at="2024-06-21T20:57:34 IST" duration-ms="20333">
      <class name="MyAutomationLearning.FrameWorksSelenium.SubmitOrderTest">
        <test-method is-config="true" signature="launchApplication()[pri:0, instance:MyAutomationLearning.FrameWorksSelenium.SubmitOrderTest@3aefe5e5]" started-at="2024-06-21T20:57:14 IST" name="launchApplication" finished-at="2024-06-21T20:57:21 IST" duration-ms="6904" status="PASS">
          <reporter-output>
          </reporter-output>
        </test-method> <!-- launchApplication -->
        <test-method signature="submitOrder(java.util.HashMap)[pri:0, instance:MyAutomationLearning.FrameWorksSelenium.SubmitOrderTest@3aefe5e5]" started-at="2024-06-21T20:57:21 IST" name="submitOrder" data-provider="getData" finished-at="2024-06-21T20:57:25 IST" duration-ms="4682" status="PASS">
          <params>
            <param index="0">
              <value>
                <![CDATA[{productname=ZARA COAT 3, password=Random@me0, email=random@email.com}]]>
              </value>
            </param>
          </params>
          <reporter-output>
          </reporter-output>
        </test-method> <!-- submitOrder -->
        <test-method is-config="true" signature="tearDown()[pri:0, instance:MyAutomationLearning.FrameWorksSelenium.SubmitOrderTest@3aefe5e5]" started-at="2024-06-21T20:57:25 IST" name="tearDown" finished-at="2024-06-21T20:57:26 IST" duration-ms="509" status="PASS">
          <reporter-output>
          </reporter-output>
        </test-method> <!-- tearDown -->
        <test-method is-config="true" signature="launchApplication()[pri:0, instance:MyAutomationLearning.FrameWorksSelenium.SubmitOrderTest@3aefe5e5]" started-at="2024-06-21T20:57:26 IST" name="launchApplication" finished-at="2024-06-21T20:57:29 IST" duration-ms="3249" status="PASS">
          <reporter-output>
          </reporter-output>
        </test-method> <!-- launchApplication -->
        <test-method signature="submitOrder(java.util.HashMap)[pri:0, instance:MyAutomationLearning.FrameWorksSelenium.SubmitOrderTest@3aefe5e5]" started-at="2024-06-21T20:57:29 IST" name="submitOrder" data-provider="getData" finished-at="2024-06-21T20:57:34 IST" duration-ms="4487" status="PASS">
          <params>
            <param index="0">
              <value>
                <![CDATA[{productname=ZARA COAT 3, password=Random@me1, email=random1@gmail.com}]]>
              </value>
            </param>
          </params>
          <reporter-output>
          </reporter-output>
        </test-method> <!-- submitOrder -->
        <test-method is-config="true" signature="tearDown()[pri:0, instance:MyAutomationLearning.FrameWorksSelenium.SubmitOrderTest@3aefe5e5]" started-at="2024-06-21T20:57:34 IST" name="tearDown" finished-at="2024-06-21T20:57:34 IST" duration-ms="391" status="PASS">
          <reporter-output>
          </reporter-output>
        </test-method> <!-- tearDown -->
      </class> <!-- MyAutomationLearning.FrameWorksSelenium.SubmitOrderTest -->
    </test> <!-- Submit Order Test -->
    <test started-at="2024-06-21T20:57:34 IST" name="Error Validations Test" finished-at="2024-06-21T20:57:34 IST" duration-ms="1">
    </test> <!-- Error Validations Test -->
  </suite> <!-- Suite -->
</testng-results>
