<?xml version="1.0" encoding="UTF-8"?>
<testng-results ignored="0" total="6" passed="6" failed="0" skipped="0">
  <reporter-output>
  </reporter-output>
  <suite started-at="2024-06-21T15:57:41 IST" name="Suite" finished-at="2024-06-21T15:58:07 IST" duration-ms="25817">
    <groups>
      <group name="reference">
        <method signature="DuplicateStandAloneTest.submitOrder()[pri:0, instance:MyAutomationLearning.FrameWorksSelenium.DuplicateStandAloneTest@1500b2f3]" name="submitOrder" class="MyAutomationLearning.FrameWorksSelenium.DuplicateStandAloneTest"/>
      </group> <!-- reference -->
      <group name="purchase">
        <method signature="SubmitOrderTest.submitOrder(java.util.HashMap)[pri:0, instance:MyAutomationLearning.FrameWorksSelenium.SubmitOrderTest@34bde49d]" name="submitOrder" class="MyAutomationLearning.FrameWorksSelenium.SubmitOrderTest"/>
      </group> <!-- purchase -->
      <group name="Error Handling">
        <method signature="ErrorValidationsTest.LoginErrorValidation()[pri:0, instance:MyAutomationLearning.FrameWorksSelenium.ErrorValidationsTest@2767e23c]" name="LoginErrorValidation" class="MyAutomationLearning.FrameWorksSelenium.ErrorValidationsTest"/>
      </group> <!-- Error Handling -->
    </groups>
    <test started-at="2024-06-21T15:57:41 IST" name="Base Test" finished-at="2024-06-21T15:57:41 IST" duration-ms="4">
    </test> <!-- Base Test -->
    <test started-at="2024-06-21T15:57:41 IST" name="Duplicate Test" finished-at="2024-06-21T15:57:54 IST" duration-ms="12426">
      <class name="MyAutomationLearning.FrameWorksSelenium.DuplicateStandAloneTest">
        <test-method is-config="true" signature="launchApplication()[pri:0, instance:MyAutomationLearning.FrameWorksSelenium.DuplicateStandAloneTest@1500b2f3]" started-at="2024-06-21T15:57:41 IST" name="launchApplication" finished-at="2024-06-21T15:57:48 IST" duration-ms="7063" status="PASS">
          <reporter-output>
          </reporter-output>
        </test-method> <!-- launchApplication -->
        <test-method signature="submitOrder()[pri:0, instance:MyAutomationLearning.FrameWorksSelenium.DuplicateStandAloneTest@1500b2f3]" started-at="2024-06-21T15:57:48 IST" name="submitOrder" finished-at="2024-06-21T15:57:53 IST" duration-ms="4841" status="PASS">
          <reporter-output>
          </reporter-output>
        </test-method> <!-- submitOrder -->
        <test-method is-config="true" signature="tearDown()[pri:0, instance:MyAutomationLearning.FrameWorksSelenium.DuplicateStandAloneTest@1500b2f3]" started-at="2024-06-21T15:57:53 IST" name="tearDown" finished-at="2024-06-21T15:57:54 IST" duration-ms="504" status="PASS">
          <reporter-output>
          </reporter-output>
        </test-method> <!-- tearDown -->
      </class> <!-- MyAutomationLearning.FrameWorksSelenium.DuplicateStandAloneTest -->
    </test> <!-- Duplicate Test -->
    <test started-at="2024-06-21T15:57:41 IST" name="Error Validations Test " finished-at="2024-06-21T15:57:58 IST" duration-ms="16959">
      <class name="MyAutomationLearning.FrameWorksSelenium.ErrorValidationsTest">
        <test-method is-config="true" signature="launchApplication()[pri:0, instance:MyAutomationLearning.FrameWorksSelenium.ErrorValidationsTest@2767e23c]" started-at="2024-06-21T15:57:41 IST" name="launchApplication" finished-at="2024-06-21T15:57:49 IST" duration-ms="7843" status="PASS">
          <reporter-output>
          </reporter-output>
        </test-method> <!-- launchApplication -->
        <test-method signature="LoginErrorValidation()[pri:0, instance:MyAutomationLearning.FrameWorksSelenium.ErrorValidationsTest@2767e23c]" started-at="2024-06-21T15:57:49 IST" name="LoginErrorValidation" finished-at="2024-06-21T15:57:50 IST" duration-ms="297" status="PASS">
          <reporter-output>
          </reporter-output>
        </test-method> <!-- LoginErrorValidation -->
        <test-method is-config="true" signature="tearDown()[pri:0, instance:MyAutomationLearning.FrameWorksSelenium.ErrorValidationsTest@2767e23c]" started-at="2024-06-21T15:57:50 IST" name="tearDown" finished-at="2024-06-21T15:57:50 IST" duration-ms="550" status="PASS">
          <reporter-output>
          </reporter-output>
        </test-method> <!-- tearDown -->
        <test-method is-config="true" signature="launchApplication()[pri:0, instance:MyAutomationLearning.FrameWorksSelenium.ErrorValidationsTest@2767e23c]" started-at="2024-06-21T15:57:50 IST" name="launchApplication" finished-at="2024-06-21T15:57:55 IST" duration-ms="4487" status="PASS">
          <reporter-output>
          </reporter-output>
        </test-method> <!-- launchApplication -->
        <test-method signature="ProductErrorValidation()[pri:0, instance:MyAutomationLearning.FrameWorksSelenium.ErrorValidationsTest@2767e23c]" started-at="2024-06-21T15:57:55 IST" name="ProductErrorValidation" finished-at="2024-06-21T15:57:58 IST" duration-ms="3291" status="PASS">
          <reporter-output>
          </reporter-output>
        </test-method> <!-- ProductErrorValidation -->
        <test-method is-config="true" signature="tearDown()[pri:0, instance:MyAutomationLearning.FrameWorksSelenium.ErrorValidationsTest@2767e23c]" started-at="2024-06-21T15:57:58 IST" name="tearDown" finished-at="2024-06-21T15:57:58 IST" duration-ms="473" status="PASS">
          <reporter-output>
          </reporter-output>
        </test-method> <!-- tearDown -->
      </class> <!-- MyAutomationLearning.FrameWorksSelenium.ErrorValidationsTest -->
    </test> <!-- Error Validations Test  -->
    <test started-at="2024-06-21T15:57:41 IST" name="Regression Test" finished-at="2024-06-21T15:58:07 IST" duration-ms="25817">
      <class name="MyAutomationLearning.FrameWorksSelenium.SubmitOrderTest">
        <test-method is-config="true" signature="launchApplication()[pri:0, instance:MyAutomationLearning.FrameWorksSelenium.SubmitOrderTest@34bde49d]" started-at="2024-06-21T15:57:42 IST" name="launchApplication" finished-at="2024-06-21T15:57:49 IST" duration-ms="7033" status="PASS">
          <reporter-output>
          </reporter-output>
        </test-method> <!-- launchApplication -->
        <test-method signature="submitOrder(java.util.HashMap)[pri:0, instance:MyAutomationLearning.FrameWorksSelenium.SubmitOrderTest@34bde49d]" started-at="2024-06-21T15:57:49 IST" name="submitOrder" data-provider="getData" finished-at="2024-06-21T15:57:53 IST" duration-ms="4760" status="PASS">
          <params>
            <param index="0">
              <value>
                <![CDATA[{productname=ZARA COAT 3, password=Random@me0, email=random@email.com}]]>
              </value>
            </param>
          </params>
          <reporter-output>
          </reporter-output>
        </test-method> <!-- submitOrder -->
        <test-method is-config="true" signature="tearDown()[pri:0, instance:MyAutomationLearning.FrameWorksSelenium.SubmitOrderTest@34bde49d]" started-at="2024-06-21T15:57:53 IST" name="tearDown" finished-at="2024-06-21T15:57:54 IST" duration-ms="505" status="PASS">
          <reporter-output>
          </reporter-output>
        </test-method> <!-- tearDown -->
        <test-method is-config="true" signature="launchApplication()[pri:0, instance:MyAutomationLearning.FrameWorksSelenium.SubmitOrderTest@34bde49d]" started-at="2024-06-21T15:57:54 IST" name="launchApplication" finished-at="2024-06-21T15:57:58 IST" duration-ms="4350" status="PASS">
          <reporter-output>
          </reporter-output>
        </test-method> <!-- launchApplication -->
        <test-method signature="submitOrder(java.util.HashMap)[pri:0, instance:MyAutomationLearning.FrameWorksSelenium.SubmitOrderTest@34bde49d]" started-at="2024-06-21T15:57:58 IST" name="submitOrder" data-provider="getData" finished-at="2024-06-21T15:58:03 IST" duration-ms="4431" status="PASS">
          <params>
            <param index="0">
              <value>
                <![CDATA[{productname=ZARA COAT 3, password=Random@me1, email=random1@gmail.com}]]>
              </value>
            </param>
          </params>
          <reporter-output>
          </reporter-output>
        </test-method> <!-- submitOrder -->
        <test-method is-config="true" signature="tearDown()[pri:0, instance:MyAutomationLearning.FrameWorksSelenium.SubmitOrderTest@34bde49d]" started-at="2024-06-21T15:58:03 IST" name="tearDown" finished-at="2024-06-21T15:58:03 IST" duration-ms="487" status="PASS">
          <reporter-output>
          </reporter-output>
        </test-method> <!-- tearDown -->
        <test-method is-config="true" signature="launchApplication()[pri:0, instance:MyAutomationLearning.FrameWorksSelenium.SubmitOrderTest@34bde49d]" started-at="2024-06-21T15:58:03 IST" name="launchApplication" finished-at="2024-06-21T15:58:06 IST" duration-ms="3219" status="PASS">
          <reporter-output>
          </reporter-output>
        </test-method> <!-- launchApplication -->
        <test-method signature="orderHistoryTest()[pri:0, instance:MyAutomationLearning.FrameWorksSelenium.SubmitOrderTest@34bde49d]" started-at="2024-06-21T15:58:06 IST" name="orderHistoryTest" finished-at="2024-06-21T15:58:07 IST" depends-on-methods="MyAutomationLearning.FrameWorksSelenium.SubmitOrderTest.submitOrder" duration-ms="511" status="PASS">
          <reporter-output>
          </reporter-output>
        </test-method> <!-- orderHistoryTest -->
        <test-method is-config="true" signature="tearDown()[pri:0, instance:MyAutomationLearning.FrameWorksSelenium.SubmitOrderTest@34bde49d]" started-at="2024-06-21T15:58:07 IST" name="tearDown" finished-at="2024-06-21T15:58:07 IST" duration-ms="390" status="PASS">
          <reporter-output>
          </reporter-output>
        </test-method> <!-- tearDown -->
      </class> <!-- MyAutomationLearning.FrameWorksSelenium.SubmitOrderTest -->
    </test> <!-- Regression Test -->
  </suite> <!-- Suite -->
</testng-results>
